# JRE version: OpenJDK Runtime Environment Zulu16.32+15-CA (16.0.2+7) (build 16.0.2+7)
# Java VM: OpenJDK 64-Bit Server VM Zulu16.32+15-CA (16.0.2+7, mixed mode, tiered, compressed oops, compressed class ptrs, g1 gc, bsd-aarch64)
GC Precious Log:
 CPUs: 8 total, 8 available
 Memory: 16384M
 Large Page Support: Disabled
 NUMA Support: Disabled
 Compressed Oops: Enabled (Zero based)
 Heap Region Size: 1M
 Heap Min Capacity: 256M
 Heap Initial Capacity: 256M
 Heap Max Capacity: 512M
 Pre-touch: Disabled
 Parallel Workers: 8
 Concurrent Workers: 2
 Concurrent Refinement Workers: 8
 Periodic GC: Disabled
Heap:
 garbage-first heap   total 262144K, used 29038K [0x00000007d3000000, 0x00000007f3000000)
  region size 1024K, 18 young (18432K), 10 survivors (10240K)
 Metaspace       used 37020K, committed 37440K, reserved 253952K
  class space    used 4748K, committed 4928K, reserved 212992K
GC Heap History (10 events):
Event: 0.347 GC heap before
{Heap before GC invocations=0 (full 0):
 garbage-first heap   total 262144K, used 28672K [0x00000007d3000000, 0x00000007f3000000)
  region size 1024K, 23 young (23552K), 0 survivors (0K)
 Metaspace       used 10475K, committed 10688K, reserved 229376K
  class space    used 1060K, committed 1152K, reserved 212992K
}
Event: 0.350 GC heap after
{Heap after GC invocations=1 (full 0):
 garbage-first heap   total 262144K, used 9561K [0x00000007d3000000, 0x00000007f3000000)
  region size 1024K, 3 young (3072K), 3 survivors (3072K)
 Metaspace       used 10475K, committed 10688K, reserved 229376K
  class space    used 1060K, committed 1152K, reserved 212992K
}
Event: 0.478 GC heap before
{Heap before GC invocations=1 (full 0):
 garbage-first heap   total 262144K, used 38233K [0x00000007d3000000, 0x00000007f3000000)
  region size 1024K, 31 young (31744K), 3 survivors (3072K)
 Metaspace       used 11466K, committed 11712K, reserved 229376K
  class space    used 1159K, committed 1280K, reserved 212992K
}
Event: 0.480 GC heap after
{Heap after GC invocations=2 (full 0):
 garbage-first heap   total 262144K, used 12841K [0x00000007d3000000, 0x00000007f3000000)
  region size 1024K, 4 young (4096K), 4 survivors (4096K)
 Metaspace       used 11466K, committed 11712K, reserved 229376K
  class space    used 1159K, committed 1280K, reserved 212992K
}
Event: 0.888 GC heap before
{Heap before GC invocations=2 (full 0):
 garbage-first heap   total 262144K, used 58921K [0x00000007d3000000, 0x00000007f3000000)
  region size 1024K, 50 young (51200K), 4 survivors (4096K)
 Metaspace       used 21019K, committed 21248K, reserved 237568K
  class space    used 2523K, committed 2624K, reserved 212992K
}
Event: 0.892 GC heap after
{Heap after GC invocations=3 (full 0):
 garbage-first heap   total 262144K, used 17064K [0x00000007d3000000, 0x00000007f3000000)
  region size 1024K, 8 young (8192K), 8 survivors (8192K)
 Metaspace       used 21019K, committed 21248K, reserved 237568K
  class space    used 2523K, committed 2624K, reserved 212992K
}
Event: 1.484 GC heap before
{Heap before GC invocations=4 (full 0):
 garbage-first heap   total 262144K, used 91816K [0x00000007d3000000, 0x00000007f3000000)
  region size 1024K, 82 young (83968K), 8 survivors (8192K)
 Metaspace       used 32419K, committed 32832K, reserved 245760K
  class space    used 4322K, committed 4544K, reserved 212992K
}
Event: 1.489 GC heap after
{Heap after GC invocations=5 (full 0):
 garbage-first heap   total 262144K, used 21308K [0x00000007d3000000, 0x00000007f3000000)
  region size 1024K, 9 young (9216K), 9 survivors (9216K)
 Metaspace       used 32419K, committed 32832K, reserved 245760K
  class space    used 4322K, committed 4544K, reserved 212992K
}
Event: 1.561 GC heap before
{Heap before GC invocations=5 (full 0):
 garbage-first heap   total 262144K, used 27452K [0x00000007d3000000, 0x00000007f3000000)
  region size 1024K, 16 young (16384K), 9 survivors (9216K)
 Metaspace       used 35160K, committed 35520K, reserved 245760K
  class space    used 4528K, committed 4672K, reserved 212992K
}
Event: 1.564 GC heap after
{Heap after GC invocations=6 (full 0):
 garbage-first heap   total 262144K, used 22894K [0x00000007d3000000, 0x00000007f3000000)
  region size 1024K, 10 young (10240K), 10 survivors (10240K)
 Metaspace       used 35160K, committed 35520K, reserved 245760K
  class space    used 4528K, committed 4672K, reserved 212992K
}

